Time: 2.85 / 40.00 s (dt=5.70e-03 s)
Time: 5.70 / 40.00 s (dt=5.70e-03 s)
Time: 8.55 / 40.00 s (dt=5.70e-03 s)
Time: 11.40 / 40.00 s (dt=5.70e-03 s)
Time: 14.25 / 40.00 s (dt=5.70e-03 s)
Time: 17.10 / 40.00 s (dt=5.70e-03 s)
Time: 19.95 / 40.00 s (dt=5.70e-03 s)
Time: 22.80 / 40.00 s (dt=5.70e-03 s)
Time: 25.65 / 40.00 s (dt=5.70e-03 s)
Time: 28.50 / 40.00 s (dt=5.70e-03 s)
Time: 31.35 / 40.00 s (dt=5.70e-03 s)
Time: 34.20 / 40.00 s (dt=5.70e-03 s)
Time: 37.05 / 40.00 s (dt=5.70e-03 s)
Time: 39.90 / 40.00 s (dt=5.70e-03 s)
Simulation complete
closure table: closure_table.csv
closure grid type: tensor
steady inlet dynamic pressure: 8.209e+06 Pa
max |d(residual Δp)/dt|: 5.366e+05 Pa/s
final max deposit thickness: 2.4158e-03 m
final min velocity: 0.7514 m/s
final max velocity: 1.7770 m/s
final max |beta|: 1.2000e-01
final max |q|: 2.0219e+00 m
