Time: 2.85 / 40.00 s (dt=5.70e-03 s)
Time: 5.70 / 40.00 s (dt=5.70e-03 s)
Time: 8.55 / 40.00 s (dt=5.70e-03 s)
Time: 11.40 / 40.00 s (dt=5.70e-03 s)
Time: 14.26 / 40.00 s (dt=5.70e-03 s)
Time: 17.11 / 40.00 s (dt=5.70e-03 s)
Time: 19.96 / 40.00 s (dt=5.70e-03 s)
Time: 22.81 / 40.00 s (dt=5.70e-03 s)
Time: 25.66 / 40.00 s (dt=5.70e-03 s)
Time: 28.51 / 40.00 s (dt=5.70e-03 s)
Time: 31.36 / 40.00 s (dt=5.70e-03 s)
Time: 34.22 / 40.00 s (dt=5.70e-03 s)
Time: 37.07 / 40.00 s (dt=5.70e-03 s)
Time: 39.92 / 40.00 s (dt=5.70e-03 s)
Simulation complete
closure table: closure_table.csv
closure grid type: tensor
steady inlet dynamic pressure: 8.012e+06 Pa
max |d(residual Δp)/dt|: 5.721e+05 Pa/s
final max deposit thickness: 2.8641e-03 m
final min velocity: 0.2738 m/s
final max velocity: 1.3777 m/s
final max |beta|: 1.2000e-01
final max |q|: 1.9279e+00 m
